[0.401ms] [INFO] File opened successfully
[0.467ms] [INFO] Not enough data in buffer to copy, handing over to buffer,write and will try again……
[12.338ms] [INFO] Next chunk is 1-byte-long
[12.426ms] [INFO] Next chunk is 716-byte-long
[12.460ms] [INFO] Next chunk is 16384-byte-long
[12.730ms] [INFO] Next chunk is 16384-byte-long
[12.939ms] [INFO] Next chunk is 16384-byte-long
[13.163ms] [INFO] Next chunk is 16384-byte-long
[13.358ms] [INFO] Next chunk is 16384-byte-long
[13.578ms] [INFO] Next chunk is 16384-byte-long
[13.781ms] [INFO] Next chunk is 16384-byte-long
[13.981ms] [INFO] Next chunk is 16384-byte-long
[14.182ms] [INFO] Next chunk is 16384-byte-long
[14.472ms] [INFO] Next chunk is 16384-byte-long
[14.679ms] [INFO] Next chunk is 16384-byte-long
[14.884ms] [INFO] Next chunk is 16384-byte-long
[15.093ms] [INFO] Next chunk is 16384-byte-long
[15.293ms] [INFO] Next chunk is 16384-byte-long
[15.491ms] [INFO] Next chunk is 16384-byte-long
[15.696ms] [INFO] Next chunk is 16384-byte-long
[15.897ms] [INFO] Next chunk is 16384-byte-long
[16.157ms] [INFO] Next chunk is 16384-byte-long
[16.347ms] [INFO] Next chunk is 16384-byte-long
[16.531ms] [INFO] Next chunk is 16384-byte-long
[16.713ms] [INFO] Next chunk is 16384-byte-long
[16.890ms] [INFO] Next chunk is 16384-byte-long
[17.069ms] [INFO] Next chunk is 16384-byte-long
[17.242ms] [INFO] Next chunk is 16384-byte-long
[17.516ms] [INFO] Next chunk is 16384-byte-long
[17.712ms] [INFO] Next chunk is 16384-byte-long
[18.108ms] [INFO] Next chunk is 16384-byte-long
[18.515ms] [INFO] Not enough data in buffer to copy, handing over to buffer,write and will try again……
[19.844ms] [INFO] Next chunk is 16384-byte-long
[19.993ms] [INFO] Next chunk is 16384-byte-long
[20.180ms] [INFO] Next chunk is 16384-byte-long
[20.357ms] [INFO] Next chunk is 16384-byte-long
[20.729ms] [INFO] Next chunk is 16384-byte-long
[20.884ms] [INFO] Next chunk is 16384-byte-long
[21.077ms] [INFO] Next chunk is 16384-byte-long
[21.239ms] [INFO] Next chunk is 16384-byte-long
[21.419ms] [INFO] Next chunk is 16384-byte-long
[21.581ms] [INFO] Next chunk is 16384-byte-long
[21.742ms] [INFO] Next chunk is 16384-byte-long
[21.916ms] [INFO] Next chunk is 16384-byte-long
[22.097ms] [INFO] Next chunk is 16384-byte-long
[22.437ms] [INFO] Next chunk is 16384-byte-long
[22.654ms] [INFO] Next chunk is 16384-byte-long
[22.904ms] [INFO] Next chunk is 16384-byte-long
[23.175ms] [INFO] Next chunk is 16384-byte-long
[23.418ms] [INFO] Next chunk is 16384-byte-long
[23.665ms] [INFO] Next chunk is 16384-byte-long
[23.902ms] [INFO] Next chunk is 14604-byte-long
[24.049ms] [INFO] PNG file depacked successfully, now 801036 bytes in raw_data to be de-comped and de-filtered
[34.549ms] [INFO] Decompression completed successfully, now 1625824 bytes in filtered_data
[71.946ms] [INFO] De-filtering completed successfully, now 1625088 bytes in pixel_data
